20170628 15:41:19 - info: initModel ok
20170628 15:41:19 - info: initResource ok
20170628 15:41:19 - info: init deamon ok
20170628 15:41:19 - info: initRouter ok
20170628 15:41:33 - info: initModel ok
20170628 15:41:33 - info: initResource ok
20170628 15:41:33 - info: init deamon ok
20170628 15:41:33 - info: initRouter ok
20170710 14:11:33 - info: initModel ok
20170710 14:11:33 - info: initResource ok
20170710 14:11:33 - info: init deamon ok
20170710 14:11:33 - info: initRouter ok
20170710 14:12:24 - error: SequelizeBaseError: connect ECONNREFUSED 192.168.0.103:5544
    at D:\nodeProject\myweb\node_modules\.3.30.4@sequelize\lib\dialects\postgres\connection-manager.js:98:20
    at Connection.<anonymous> (D:\nodeProject\myweb\node_modules\.6.2.2@pg\lib\client.js:187:5)
    at emitOne (events.js:115:13)
 
20170710 14:12:44 - info: initModel ok
20170710 14:12:44 - info: initResource ok
20170710 14:12:44 - info: init deamon ok
20170710 14:12:45 - info: initRouter ok
20170710 14:12:48 - error: SequelizeBaseError: column "args" does not exist
    at Query.formatError (D:\nodeProject\myweb\node_modules\.3.30.4@sequelize\lib\dialects\postgres\query.js:357:14)
    at Query.<anonymous> (D:\nodeProject\myweb\node_modules\.3.30.4@sequelize\lib\dialects\postgres\query.js:88:19)
    at emitOne (ev
20170710 14:19:57 - info: initModel ok
20170710 14:19:57 - info: initResource ok
20170710 14:19:57 - info: init deamon ok
20170710 14:19:58 - info: initRouter ok
20170710 14:41:52 - info: initModel ok
20170710 14:41:52 - info: initResource ok
20170710 14:41:52 - info: init deamon ok
20170710 14:41:53 - info: initRouter ok
20170710 14:43:39 - error: TypeError: Cannot match against 'undefined' or 'null'.
    at exports.router.handle (d:\nodeProject\myweb\build\ts\router\crm\api.js:12:60)
    at wrap (d:\nodeProject\myweb\build\ts\lib\routerwrap.js:40:23)
    at dispatch (D:\nodeProject\myweb\node_modules\.3.2.1@koa-compose\index.js:44:32)
    at
20170710 14:43:50 - error: TypeError: Cannot match against 'undefined' or 'null'.
    at exports.router.handle (d:\nodeProject\myweb\build\ts\router\crm\api.js:12:60)
    at wrap (d:\nodeProject\myweb\build\ts\lib\routerwrap.js:40:23)
    at dispatch (D:\nodeProject\myweb\node_modules\.3.2.1@koa-compose\index.js:44:32)
    at
20170710 14:43:58 - error: TypeError: Cannot match against 'undefined' or 'null'.
    at exports.router.handle (d:\nodeProject\myweb\build\ts\router\crm\api.js:12:60)
    at wrap (d:\nodeProject\myweb\build\ts\lib\routerwrap.js:40:23)
    at dispatch (D:\nodeProject\myweb\node_modules\.3.2.1@koa-compose\index.js:44:32)
    at
20170710 14:44:21 - error: TypeError: Cannot match against 'undefined' or 'null'.
    at exports.router.handle (d:\nodeProject\myweb\build\ts\router\crm\api.js:12:60)
    at wrap (d:\nodeProject\myweb\build\ts\lib\routerwrap.js:40:23)
    at dispatch (D:\nodeProject\myweb\node_modules\.3.2.1@koa-compose\index.js:44:32)
    at
20170710 14:44:27 - error: TypeError: Cannot match against 'undefined' or 'null'.
    at exports.router.handle (d:\nodeProject\myweb\build\ts\router\crm\api.js:12:60)
    at wrap (d:\nodeProject\myweb\build\ts\lib\routerwrap.js:40:23)
    at dispatch (D:\nodeProject\myweb\node_modules\.3.2.1@koa-compose\index.js:44:32)
    at
20170710 14:44:48 - info: initModel ok
20170710 14:44:48 - info: initResource ok
20170710 14:44:48 - info: init deamon ok
20170710 14:44:49 - info: initRouter ok
20170710 14:44:51 - error: TypeError: Cannot match against 'undefined' or 'null'.
    at exports.router.handle (d:\nodeProject\myweb\build\ts\router\crm\api.js:12:60)
    at wrap (d:\nodeProject\myweb\build\ts\lib\routerwrap.js:40:23)
    at dispatch (D:\nodeProject\myweb\node_modules\.3.2.1@koa-compose\index.js:44:32)
    at
20170710 14:45:18 - error: Error: invalid seqz
    at api.ModelBase (d:\nodeProject\myweb\build\ts\model\modelbase.js:6:19)
    at api (d:\nodeProject\myweb\build\ts\model\api\api.js:34:9)
    at Function.getInstance (d:\nodeProject\myweb\build\ts\model\api\api.js:38:28)
    at exports.router.handle (d:\nodeProject\myweb\buil
20170710 14:46:52 - error: Error: invalid seqz
    at api.ModelBase (d:\nodeProject\myweb\build\ts\model\modelbase.js:6:19)
    at api (d:\nodeProject\myweb\build\ts\model\api\api.js:34:9)
    at Function.getInstance (d:\nodeProject\myweb\build\ts\model\api\api.js:38:28)
    at exports.router.handle (d:\nodeProject\myweb\buil
20170710 14:47:29 - info: initModel ok
20170710 14:47:29 - info: initResource ok
20170710 14:47:29 - info: init deamon ok
20170710 14:47:30 - info: initRouter ok
20170710 14:47:33 - error: Error: invalid seqz
    at api.ModelBase (d:\nodeProject\myweb\build\ts\model\modelbase.js:6:19)
    at api (d:\nodeProject\myweb\build\ts\model\api\api.js:34:9)
    at Function.getInstance (d:\nodeProject\myweb\build\ts\model\api\api.js:38:28)
    at exports.router.handle (d:\nodeProject\myweb\buil
20170710 14:47:57 - error: Error: invalid seqz
    at api.ModelBase (d:\nodeProject\myweb\build\ts\model\modelbase.js:6:19)
    at api (d:\nodeProject\myweb\build\ts\model\api\api.js:34:9)
    at Function.getInstance (d:\nodeProject\myweb\build\ts\model\api\api.js:38:28)
    at exports.router.handle (d:\nodeProject\myweb\buil
20170710 14:48:44 - info: initModel ok
20170710 14:48:44 - info: initResource ok
20170710 14:48:44 - info: init deamon ok
20170710 14:48:45 - info: initRouter ok
20170710 14:48:48 - error: Error: invalid seqz
    at api.ModelBase (d:\nodeProject\myweb\build\ts\model\modelbase.js:6:19)
    at api (d:\nodeProject\myweb\build\ts\model\api\api.js:34:9)
    at Function.getInstance (d:\nodeProject\myweb\build\ts\model\api\api.js:38:28)
    at exports.router.handle (d:\nodeProject\myweb\buil
20170710 14:49:06 - error: Error: invalid seqz
    at api.ModelBase (d:\nodeProject\myweb\build\ts\model\modelbase.js:6:19)
    at api (d:\nodeProject\myweb\build\ts\model\api\api.js:34:9)
    at Function.getInstance (d:\nodeProject\myweb\build\ts\model\api\api.js:38:28)
    at exports.router.handle (d:\nodeProject\myweb\buil
20170710 14:49:35 - info: initModel ok
20170710 14:49:35 - info: initResource ok
20170710 14:49:35 - info: init deamon ok
20170710 14:49:36 - info: initRouter ok
20170710 14:49:53 - info: initModel ok
20170710 14:49:53 - info: initResource ok
20170710 14:49:53 - info: init deamon ok
20170710 14:49:54 - info: initRouter ok
20170710 14:54:02 - error: Error: invalid seqz
    at api.ModelBase (d:\nodeProject\myweb\build\ts\model\modelbase.js:6:19)
    at api (d:\nodeProject\myweb\build\ts\model\api\api.js:34:9)
    at Function.getInstance (d:\nodeProject\myweb\build\ts\model\api\api.js:38:28)
    at exports.router.handle (d:\nodeProject\myweb\buil
20170710 14:54:28 - error: Error: invalid seqz
    at api.ModelBase (d:\nodeProject\myweb\build\ts\model\modelbase.js:6:19)
    at api (d:\nodeProject\myweb\build\ts\model\api\api.js:34:9)
    at Function.getInstance (d:\nodeProject\myweb\build\ts\model\api\api.js:38:28)
    at exports.router.handle (d:\nodeProject\myweb\buil
20170710 14:55:33 - info: initModel ok
20170710 14:55:33 - info: initResource ok
20170710 14:55:33 - info: init deamon ok
20170710 14:55:34 - info: initRouter ok
20170710 14:55:39 - error: TypeError: Cannot match against 'undefined' or 'null'.
    at exports.router.handle (d:\nodeProject\myweb\build\ts\router\crm\api.js:12:60)
    at wrap (d:\nodeProject\myweb\build\ts\lib\routerwrap.js:40:23)
    at dispatch (D:\nodeProject\myweb\node_modules\.3.2.1@koa-compose\index.js:44:32)
    at
20170710 14:55:52 - error: TypeError: Cannot match against 'undefined' or 'null'.
    at exports.router.handle (d:\nodeProject\myweb\build\ts\router\crm\api.js:12:60)
    at wrap (d:\nodeProject\myweb\build\ts\lib\routerwrap.js:40:23)
    at dispatch (D:\nodeProject\myweb\node_modules\.3.2.1@koa-compose\index.js:44:32)
    at
20170710 14:56:00 - error: TypeError: Cannot match against 'undefined' or 'null'.
    at exports.router.handle (d:\nodeProject\myweb\build\ts\router\crm\api.js:12:60)
    at wrap (d:\nodeProject\myweb\build\ts\lib\routerwrap.js:40:23)
    at dispatch (D:\nodeProject\myweb\node_modules\.3.2.1@koa-compose\index.js:44:32)
    at
20170710 14:56:42 - error: TypeError: Cannot match against 'undefined' or 'null'.
    at exports.router.handle (d:\nodeProject\myweb\build\ts\router\crm\api.js:12:60)
    at wrap (d:\nodeProject\myweb\build\ts\lib\routerwrap.js:40:23)
    at dispatch (D:\nodeProject\myweb\node_modules\.3.2.1@koa-compose\index.js:44:32)
    at
20170710 14:58:40 - error: TypeError: Cannot match against 'undefined' or 'null'.
    at exports.router.handle (d:\nodeProject\myweb\build\ts\router\crm\api.js:12:60)
    at wrap (d:\nodeProject\myweb\build\ts\lib\routerwrap.js:40:23)
    at dispatch (D:\nodeProject\myweb\node_modules\.3.2.1@koa-compose\index.js:44:32)
    at
20170710 14:58:56 - info: initModel ok
20170710 14:58:56 - info: initResource ok
20170710 14:58:56 - info: init deamon ok
20170710 14:58:57 - info: initRouter ok
20170710 14:58:57 - error: TypeError: Cannot match against 'undefined' or 'null'.
    at exports.router.handle (d:\nodeProject\myweb\build\ts\router\crm\api.js:12:60)
    at wrap (d:\nodeProject\myweb\build\ts\lib\routerwrap.js:40:23)
    at dispatch (D:\nodeProject\myweb\node_modules\.3.2.1@koa-compose\index.js:44:32)
    at
20170710 15:00:08 - error: TypeError: Cannot match against 'undefined' or 'null'.
    at exports.router.handle (d:\nodeProject\myweb\build\ts\router\crm\api.js:12:60)
    at wrap (d:\nodeProject\myweb\build\ts\lib\routerwrap.js:40:23)
    at dispatch (D:\nodeProject\myweb\node_modules\.3.2.1@koa-compose\index.js:44:32)
    at
20170710 15:00:47 - info: initModel ok
20170710 15:00:47 - info: initResource ok
20170710 15:00:47 - info: init deamon ok
20170710 15:00:48 - info: initRouter ok
20170710 15:00:50 - error: TypeError: Cannot match against 'undefined' or 'null'.
    at exports.router.handle (d:\nodeProject\myweb\build\ts\router\crm\api.js:13:60)
    at wrap (d:\nodeProject\myweb\build\ts\lib\routerwrap.js:40:23)
    at dispatch (D:\nodeProject\myweb\node_modules\.3.2.1@koa-compose\index.js:44:32)
    at
20170710 15:01:32 - info: initModel ok
20170710 15:01:32 - info: initResource ok
20170710 15:01:32 - info: init deamon ok
20170710 15:01:33 - info: initRouter ok
20170710 15:01:42 - error: SequelizeBaseError: null value in column "id" violates not-null constraint
    at Query.formatError (D:\nodeProject\myweb\node_modules\.3.30.4@sequelize\lib\dialects\postgres\query.js:357:14)
    at Query.<anonymous> (D:\nodeProject\myweb\node_modules\.3.30.4@sequelize\lib\dialects\postgres\query.js
20170710 15:02:33 - info: initModel ok
20170710 15:02:33 - info: initResource ok
20170710 15:02:33 - info: init deamon ok
20170710 15:02:34 - info: initRouter ok
20170710 15:02:39 - error: SequelizeBaseError: Validation error
    at Query.formatError (D:\nodeProject\myweb\node_modules\.3.30.4@sequelize\lib\dialects\postgres\query.js:326:16)
    at Query.<anonymous> (D:\nodeProject\myweb\node_modules\.3.30.4@sequelize\lib\dialects\postgres\query.js:88:19)
    at emitOne (events.js:115:
20170710 19:33:58 - info: initModel ok
20170710 19:33:58 - info: initResource ok
20170710 19:33:58 - info: init deamon ok
20170710 19:33:58 - info: initRouter ok
20170710 19:34:22 - info: initModel ok
20170710 19:34:22 - info: initResource ok
20170710 19:34:22 - info: init deamon ok
20170710 19:34:22 - info: initRouter ok
20170710 19:35:22 - info: initModel ok
20170710 19:35:22 - info: initResource ok
20170710 19:35:22 - info: init deamon ok
20170710 19:35:22 - info: initRouter ok
20170710 19:36:39 - info: initModel ok
20170710 19:36:39 - info: initResource ok
20170710 19:36:39 - info: init deamon ok
20170710 19:36:39 - info: initRouter ok
20170710 19:39:48 - info: initModel ok
20170710 19:39:48 - info: initResource ok
20170710 19:39:48 - info: init deamon ok
20170710 19:39:49 - info: initRouter ok
20170710 19:43:34 - info: initModel ok
20170710 19:43:34 - info: initResource ok
20170710 19:43:34 - info: init deamon ok
20170710 19:43:35 - info: initRouter ok
20170710 19:46:59 - info: initModel ok
20170710 19:46:59 - info: initResource ok
20170710 19:46:59 - info: init deamon ok
20170710 19:46:59 - info: initRouter ok
20170710 19:49:11 - info: initModel ok
20170710 19:49:11 - info: initResource ok
20170710 19:49:11 - info: init deamon ok
20170710 19:49:11 - info: initRouter ok
